<?xml version="1.0" encoding="UTF-8"?>
<!-- Generated by org.testng.reporters.JUnitXMLReporter -->
<testsuite hostname="PC217525" ignored="0" name="ATC_SI_044" tests="1" failures="1" timestamp="27 Mar 2018 12:58:50 GMT" time="562.954" errors="0">
  <testcase name="runTest" time="433.071" classname="testcases.ATC_SI_044">
    <failure type="java.lang.Error" message="[Credit/Debit Card] Option is NOT displayed in Payments Section">
      <![CDATA[java.lang.Error: [Credit/Debit Card] Option is NOT displayed in Payments Section
	at pages.Checkout.payWithCreditCard(Checkout.java:1870)
	at testcases.ATC_SI_044.runTest(ATC_SI_044.java:66)
	at sun.reflect.NativeMethodAccessorImpl.invoke0(Native Method)
	at sun.reflect.NativeMethodAccessorImpl.invoke(Unknown Source)
	at sun.reflect.DelegatingMethodAccessorImpl.invoke(Unknown Source)
	at java.lang.reflect.Method.invoke(Unknown Source)
	at org.testng.internal.MethodInvocationHelper.invokeMethod(MethodInvocationHelper.java:108)
	at org.testng.internal.Invoker.invokeMethod(Invoker.java:661)
	at org.testng.internal.Invoker.invokeTestMethod(Invoker.java:869)
	at org.testng.internal.TestMethodWithDataProviderMethodWorker.call(TestMethodWithDataProviderMethodWorker.java:75)
	at org.testng.internal.TestMethodWithDataProviderMethodWorker.call(TestMethodWithDataProviderMethodWorker.java:14)
	at java.util.concurrent.FutureTask.run(Unknown Source)
	at java.util.concurrent.Executors$RunnableAdapter.call(Unknown Source)
	at java.util.concurrent.FutureTask.run(Unknown Source)
	at java.util.concurrent.ThreadPoolExecutor.runWorker(Unknown Source)
	at java.util.concurrent.ThreadPoolExecutor$Worker.run(Unknown Source)
	at java.lang.Thread.run(Unknown Source)
]]>
    </failure>
  </testcase> <!-- runTest -->
</testsuite> <!-- ATC_SI_044 -->
